[debug] [2023-03-31T11:15:10.408Z] ----------------------------------------------------------------------
[debug] [2023-03-31T11:15:10.409Z] Command:       C:\Program Files\nodejs\node.exe C:\Users\박성현\AppData\Roaming\npm\node_modules\firebase-tools\lib\bin\firebase.js init
[debug] [2023-03-31T11:15:10.410Z] CLI Version:   11.25.2
[debug] [2023-03-31T11:15:10.410Z] Platform:      win32
[debug] [2023-03-31T11:15:10.410Z] Node Version:  v18.14.0
[debug] [2023-03-31T11:15:10.410Z] Time:          Fri Mar 31 2023 20:15:10 GMT+0900 (대한민국 표준시)
[debug] [2023-03-31T11:15:10.411Z] ----------------------------------------------------------------------
[debug] 
[debug] [2023-03-31T11:15:10.455Z] > command requires scopes: ["email","openid","https://www.googleapis.com/auth/cloudplatformprojects.readonly","https://www.googleapis.com/auth/firebase","https://www.googleapis.com/auth/cloud-platform"]
[debug] [2023-03-31T11:15:10.455Z] > authorizing via signed-in user (0112shpark@gmail.com)
[info] 
     ######## #### ########  ######## ########     ###     ######  ########
     ##        ##  ##     ## ##       ##     ##  ##   ##  ##       ##
     ######    ##  ########  ######   ########  #########  ######  ######
     ##        ##  ##    ##  ##       ##     ## ##     ##       ## ##
     ##       #### ##     ## ######## ########  ##     ##  ######  ########

You're about to initialize a Firebase project in this directory:

  C:\Users\박성현\OneDrive\temp\react-disney-plus

Before we get started, keep in mind:

  * You are initializing within an existing Firebase project directory

[info] 
=== Project Setup
[info] 
[info] First, let's associate this project directory with a Firebase project.
[info] You can create multiple project aliases by running firebase use --add, 
[info] but for now we'll just set up a default project.
[info] 
[debug] [2023-03-31T11:15:19.308Z] Using project from CLI flag: react-disney-plus-app-196b2
[debug] [2023-03-31T11:15:19.310Z] >>> [apiv2][query] GET https://firebase.googleapis.com/v1beta1/projects/react-disney-plus-app-196b2 [none]
[debug] [2023-03-31T11:15:19.844Z] <<< [apiv2][status] GET https://firebase.googleapis.com/v1beta1/projects/react-disney-plus-app-196b2 200
[debug] [2023-03-31T11:15:19.844Z] <<< [apiv2][body] GET https://firebase.googleapis.com/v1beta1/projects/react-disney-plus-app-196b2 {"projectId":"react-disney-plus-app-196b2","projectNumber":"819557160590","displayName":"react-disney-plus-app","name":"projects/react-disney-plus-app-196b2","resources":{"hostingSite":"react-disney-plus-app-196b2"},"state":"ACTIVE","etag":"1_66755b34-0918-4752-befe-9d57dd901b66"}
[info] i  Using project react-disney-plus-app-196b2 (react-disney-plus-app) 
[info] 
=== Hosting Setup
[info] 
[info] Your public directory is the folder (relative to your project directory) that
[info] will contain Hosting assets to be uploaded with firebase deploy. If you
[info] have a build process for your assets, use your build's output directory.
[info] 
[debug] [2023-03-31T11:15:28.229Z] >>> [apiv2][query] GET https://www.gstatic.com/firebasejs/releases.json [none]
[debug] [2023-03-31T11:15:28.468Z] <<< [apiv2][status] GET https://www.gstatic.com/firebasejs/releases.json 200
[debug] [2023-03-31T11:15:28.468Z] <<< [apiv2][body] GET https://www.gstatic.com/firebasejs/releases.json {"current":{"version":"9.19.0","browserURL":"https://www.gstatic.com/firebasejs/9.19.0/firebase.js","packageURL":"https://www.gstatic.com/firebasejs/9.19.0/firebase.tgz"},"live":{"version":"9.19","browserURL":"https://www.gstatic.com/firebasejs/live/9.19/firebase.js","packageURL":"https://www.gstatic.com/firebasejs/live/9.19/firebase.tgz"},"components":{"analytics":"https://www.gstatic.com/firebasejs/9.19.0/firebase-analytics.js","app":"https://www.gstatic.com/firebasejs/9.19.0/firebase-app.js","app-check":"https://www.gstatic.com/firebasejs/9.19.0/firebase-app-check.js","auth":"https://www.gstatic.com/firebasejs/9.19.0/firebase-auth.js","auth/cordova":"https://www.gstatic.com/firebasejs/9.19.0/firebase-auth/cordova.js","auth/react-native":"https://www.gstatic.com/firebasejs/9.19.0/firebase-auth/react-native.js","functions":"https://www.gstatic.com/firebasejs/9.19.0/firebase-functions.js","firestore":"https://www.gstatic.com/firebasejs/9.19.0/firebase-firestore.js","firestore/lite":"https://www.gstatic.com/firebasejs/9.19.0/firebase-firestore/lite.js","installations":"https://www.gstatic.com/firebasejs/9.19.0/firebase-installations.js","storage":"https://www.gstatic.com/firebasejs/9.19.0/firebase-storage.js","performance":"https://www.gstatic.com/firebasejs/9.19.0/firebase-performance.js","remote-config":"https://www.gstatic.com/firebasejs/9.19.0/firebase-remote-config.js","messaging":"https://www.gstatic.com/firebasejs/9.19.0/firebase-messaging.js","messaging/sw":"https://www.gstatic.com/firebasejs/9.19.0/firebase-messaging/sw.js","database":"https://www.gstatic.com/firebasejs/9.19.0/firebase-database.js","firestore.memory":"https://www.gstatic.com/firebasejs/9.19.0/firebase-firestore.memory.js"}}
[info] i  Skipping write of build/index.html 
[info] 
[info] i  Detected a .git folder at C:\Users\박성현\OneDrive\temp\react-disney-plus 
[info] i  Authorizing with GitHub to upload your service account to a GitHub repository's secrets store. 
[info] 
[info] Visit this URL on this device to log in:
[info] https://github.com/login/oauth/authorize?client_id=89cf50f02ac6aaed3484&state=829007165&redirect_uri=http%3A%2F%2Flocalhost%3A9005&scope=read%3Auser%20repo%20public_repo
[info] 
[info] Waiting for authentication...
[debug] [2023-03-31T11:15:44.439Z] >>> [apiv2][query] POST https://github.com/login/oauth/access_token [none]
[debug] [2023-03-31T11:15:44.439Z] >>> [apiv2][body] POST https://github.com/login/oauth/access_token [stream]
[debug] [2023-03-31T11:15:44.768Z] <<< [apiv2][status] POST https://github.com/login/oauth/access_token 200
[debug] [2023-03-31T11:15:44.769Z] <<< [apiv2][body] POST https://github.com/login/oauth/access_token {"access_token":"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","token_type":"bearer","scope":"read:user,repo"}
[debug] [2023-03-31T11:15:44.777Z] >>> [apiv2][query] GET https://api.github.com/user [none]
[debug] [2023-03-31T11:15:45.101Z] <<< [apiv2][status] GET https://api.github.com/user 200
[debug] [2023-03-31T11:15:45.101Z] <<< [apiv2][body] GET https://api.github.com/user {"login":"0112shpark","id":66255101,"node_id":"MDQ6VXNlcjY2MjU1MTAx","avatar_url":"https://avatars.githubusercontent.com/u/66255101?v=4","gravatar_id":"","url":"https://api.github.com/users/0112shpark","html_url":"https://github.com/0112shpark","followers_url":"https://api.github.com/users/0112shpark/followers","following_url":"https://api.github.com/users/0112shpark/following{/other_user}","gists_url":"https://api.github.com/users/0112shpark/gists{/gist_id}","starred_url":"https://api.github.com/users/0112shpark/starred{/owner}{/repo}","subscriptions_url":"https://api.github.com/users/0112shpark/subscriptions","organizations_url":"https://api.github.com/users/0112shpark/orgs","repos_url":"https://api.github.com/users/0112shpark/repos","events_url":"https://api.github.com/users/0112shpark/events{/privacy}","received_events_url":"https://api.github.com/users/0112shpark/received_events","type":"User","site_admin":false,"name":"Seonghyeon Park","company":"Sogang.Univ ","blog":"","location":"Seoul, Korea","email":"000112shpark@naver.com","hireable":null,"bio":"Sogang.Univ                                                          Computer Science & Engineering","twitter_username":null,"public_repos":21,"public_gists":0,"followers":2,"following":1,"created_at":"2020-06-01T12:03:38Z","updated_at":"2023-03-29T14:07:56Z","private_gists":0,"total_private_repos":2,"owned_private_repos":2,"disk_usage":427107,"collaborators":0,"two_factor_authentication":false,"plan":{"name":"pro","space":976562499,"collaborators":0,"private_repos":9999}}
[info] 
[info] +  Success! Logged into GitHub as 0112shpark 
[info] 
